<?xml version="1.0" encoding="UTF-8"?>
<testsuite name="edu.umn.cs.csci3081w.project.model.RandomPassengerGeneratorTest" tests="2" skipped="0" failures="0" errors="0" timestamp="2024-11-18T00:35:19" hostname="Matthews-MacBook-Pro-80.local" time="0.002">
  <properties/>
  <testcase name="testGeneratePassengers()" classname="edu.umn.cs.csci3081w.project.model.RandomPassengerGeneratorTest" time="0.0"/>
  <testcase name="testRandomPassGenConstructor()" classname="edu.umn.cs.csci3081w.project.model.RandomPassengerGeneratorTest" time="0.001"/>
  <system-out><![CDATA[]]></system-out>
  <system-err><![CDATA[]]></system-err>
</testsuite>
