<?xml version="1.0" encoding="UTF-8"?>
<testsuite name="edu.umn.cs.csci3081w.project.model.StopTest" tests="8" skipped="0" failures="0" errors="0" timestamp="2024-11-18T00:35:19" hostname="Matthews-MacBook-Pro-80.local" time="0.029">
  <properties/>
  <testcase name="testAddPassengers()" classname="edu.umn.cs.csci3081w.project.model.StopTest" time="0.001"/>
  <testcase name="testConstructorNormal()" classname="edu.umn.cs.csci3081w.project.model.StopTest" time="0.001"/>
  <testcase name="testLoadPassengersEmptyStopEmptyBus()" classname="edu.umn.cs.csci3081w.project.model.StopTest" time="0.001"/>
  <testcase name="testLoadPassengersEmptyStopFullBus()" classname="edu.umn.cs.csci3081w.project.model.StopTest" time="0.001"/>
  <testcase name="testLoadPassengersNonEmptyStopFullBus()" classname="edu.umn.cs.csci3081w.project.model.StopTest" time="0.001"/>
  <testcase name="testStopReportWithPassenger()" classname="edu.umn.cs.csci3081w.project.model.StopTest" time="0.008"/>
  <testcase name="testLoadPassengersNonEmptyStopEmptyBus()" classname="edu.umn.cs.csci3081w.project.model.StopTest" time="0.001"/>
  <testcase name="testStopReportNoPassengers()" classname="edu.umn.cs.csci3081w.project.model.StopTest" time="0.008"/>
  <system-out><![CDATA[]]></system-out>
  <system-err><![CDATA[]]></system-err>
</testsuite>
