<?xml version="1.0" encoding="UTF-8"?>
<testsuite name="edu.umn.cs.csci3081w.project.model.BusTest" tests="7" skipped="0" failures="0" errors="0" timestamp="2024-11-18T00:35:19" hostname="Matthews-MacBook-Pro-80.local" time="0.091">
  <properties/>
  <testcase name="testCo2()" classname="edu.umn.cs.csci3081w.project.model.BusTest" time="0.026"/>
  <testcase name="testMove()" classname="edu.umn.cs.csci3081w.project.model.BusTest" time="0.003"/>
  <testcase name="testIsTripComplete()" classname="edu.umn.cs.csci3081w.project.model.BusTest" time="0.005"/>
  <testcase name="testReport()" classname="edu.umn.cs.csci3081w.project.model.BusTest" time="0.038"/>
  <testcase name="testUpdate()" classname="edu.umn.cs.csci3081w.project.model.BusTest" time="0.003"/>
  <testcase name="testConstructor()" classname="edu.umn.cs.csci3081w.project.model.BusTest" time="0.003"/>
  <testcase name="testLoadPassenger()" classname="edu.umn.cs.csci3081w.project.model.BusTest" time="0.001"/>
  <system-out><![CDATA[]]></system-out>
  <system-err><![CDATA[]]></system-err>
</testsuite>
