<?xml version="1.0" encoding="UTF-8"?>
<testsuite name="edu.umn.cs.csci3081w.project.model.TrainStrategiesTest" tests="4" skipped="0" failures="0" errors="0" timestamp="2024-11-18T00:35:19" hostname="Matthews-MacBook-Pro-80.local" time="0.008">
  <properties/>
  <testcase name="testIncrementDayCycle()" classname="edu.umn.cs.csci3081w.project.model.TrainStrategiesTest" time="0.001"/>
  <testcase name="testIncrementNightCycle()" classname="edu.umn.cs.csci3081w.project.model.TrainStrategiesTest" time="0.001"/>
  <testcase name="isDayTest()" classname="edu.umn.cs.csci3081w.project.model.TrainStrategiesTest" time="0.003"/>
  <testcase name="testTrainStrategies()" classname="edu.umn.cs.csci3081w.project.model.TrainStrategiesTest" time="0.001"/>
  <system-out><![CDATA[]]></system-out>
  <system-err><![CDATA[]]></system-err>
</testsuite>
