<?xml version="1.0" encoding="UTF-8"?>
<testsuite name="edu.umn.cs.csci3081w.project.model.PassengerTest" tests="5" skipped="0" failures="0" errors="0" timestamp="2024-11-18T00:35:19" hostname="Matthews-MacBook-Pro-80.local" time="0.02">
  <properties/>
  <testcase name="testIsOnVehicle()" classname="edu.umn.cs.csci3081w.project.model.PassengerTest" time="0.001"/>
  <testcase name="testConstructorNormal()" classname="edu.umn.cs.csci3081w.project.model.PassengerTest" time="0.002"/>
  <testcase name="testPassUpdate()" classname="edu.umn.cs.csci3081w.project.model.PassengerTest" time="0.0"/>
  <testcase name="testSetOnVehicle()" classname="edu.umn.cs.csci3081w.project.model.PassengerTest" time="0.002"/>
  <testcase name="testReport()" classname="edu.umn.cs.csci3081w.project.model.PassengerTest" time="0.011"/>
  <system-out><![CDATA[]]></system-out>
  <system-err><![CDATA[]]></system-err>
</testsuite>
