<?xml version="1.0" encoding="UTF-8"?>
<testsuite name="edu.umn.cs.csci3081w.project.model.StorageFacilityTest" tests="1" skipped="0" failures="0" errors="0" timestamp="2024-11-18T00:35:19" hostname="Matthews-MacBook-Pro-80.local" time="0.001">
  <properties/>
  <testcase name="testStorageFacility()" classname="edu.umn.cs.csci3081w.project.model.StorageFacilityTest" time="0.001"/>
  <system-out><![CDATA[]]></system-out>
  <system-err><![CDATA[]]></system-err>
</testsuite>
